<?xml version="1.0" encoding="UTF-8"?>
<testsuite xmlns:xsi="http://www.w3.org/2001/XMLSchema-instance" xsi:noNamespaceSchemaLocation="https://maven.apache.org/surefire/maven-surefire-plugin/xsd/surefire-test-report-3.0.xsd" version="3.0" name="runner.ReservaServiceTest" time="0.199" tests="3" errors="0" skipped="0" failures="0">
  <properties>
[...]
</properties>
  <testcase name="reservar_deveRetornarMotoristaACaminho_paraBeloHorizonte" classname="runner.ReservaServiceTest" time="0.09"/>
  <testcase name="reservar_deveRetornarAreaForaDeCobertura_paraCidadeNaoCoberta" classname="runner.ReservaServiceTest" time="0.003"/>
  <testcase name="reservar_deveRetornarMotoristaACaminho_paraContagem" classname="runner.ReservaServiceTest" time="0.004"/>
</testsuite>